This file contains any messages produced by compilers while
running configure, to aid debugging if configure makes a mistake.

It was created by MADP configure 0.4.1, which was
generated by GNU Autoconf 2.69.  Invocation command line was

  $ ./configure --no-create --no-recursion

## --------- ##
## Platform. ##
## --------- ##

hostname = alix-Precision-3561
uname -m = x86_64
uname -r = 5.10.0-1020-oem
uname -s = Linux
uname -v = #21-Ubuntu SMP Wed Mar 24 10:19:55 UTC 2021

/usr/bin/uname -p = x86_64
/bin/uname -X     = unknown

/bin/arch              = x86_64
/usr/bin/arch -k       = unknown
/usr/convex/getsysinfo = unknown
/usr/bin/hostinfo      = unknown
/bin/machine           = unknown
/usr/bin/oslevel       = unknown
/bin/universe          = unknown

PATH: /usr/local/sbin
PATH: /usr/local/bin
PATH: /usr/sbin
PATH: /usr/bin
PATH: /sbin
PATH: /bin
PATH: /usr/games
PATH: /usr/local/games
PATH: /snap/bin


## ----------- ##
## Core tests. ##
## ----------- ##

configure:2509: checking for a BSD-compatible install
configure:2577: result: /usr/bin/install -c
configure:2588: checking whether build environment is sane
configure:2643: result: yes
configure:2792: checking for a thread-safe mkdir -p
configure:2831: result: /usr/bin/mkdir -p
configure:2838: checking for gawk
configure:2868: result: no
configure:2838: checking for mawk
configure:2854: found /usr/bin/mawk
configure:2865: result: mawk
configure:2876: checking whether make sets $(MAKE)
configure:2898: result: yes
configure:2927: checking whether make supports nested variables
configure:2944: result: yes
configure:3023: checking how to create a pax tar archive
configure:3034: tar --version
tar (GNU tar) 1.30
Copyright (C) 2017 Free Software Foundation, Inc.
License GPLv3+: GNU GPL version 3 or later <https://gnu.org/licenses/gpl.html>.
This is free software: you are free to change and redistribute it.
There is NO WARRANTY, to the extent permitted by law.

Written by John Gilmore and Jay Fenlason.
configure:3037: $? = 0
configure:3077: tardir=conftest.dir && eval tar --format=posix -chf - "$tardir" >conftest.tar
configure:3080: $? = 0
configure:3084: tar -xf - <conftest.tar
configure:3087: $? = 0
configure:3089: cat conftest.dir/file
GrepMe
configure:3092: $? = 0
configure:3105: result: gnutar
configure:3219: checking for g++
configure:3235: found /usr/bin/g++
configure:3246: result: g++
configure:3273: checking for C++ compiler version
configure:3282: g++ --version >&5
g++ (Ubuntu 9.4.0-1ubuntu1~20.04.1) 9.4.0
Copyright (C) 2019 Free Software Foundation, Inc.
This is free software; see the source for copying conditions.  There is NO
warranty; not even for MERCHANTABILITY or FITNESS FOR A PARTICULAR PURPOSE.

configure:3293: $? = 0
configure:3282: g++ -v >&5
Using built-in specs.
COLLECT_GCC=g++
COLLECT_LTO_WRAPPER=/usr/lib/gcc/x86_64-linux-gnu/9/lto-wrapper
OFFLOAD_TARGET_NAMES=nvptx-none:hsa
OFFLOAD_TARGET_DEFAULT=1
Target: x86_64-linux-gnu
Configured with: ../src/configure -v --with-pkgversion='Ubuntu 9.4.0-1ubuntu1~20.04.1' --with-bugurl=file:///usr/share/doc/gcc-9/README.Bugs --enable-languages=c,ada,c++,go,brig,d,fortran,objc,obj-c++,gm2 --prefix=/usr --with-gcc-major-version-only --program-suffix=-9 --program-prefix=x86_64-linux-gnu- --enable-shared --enable-linker-build-id --libexecdir=/usr/lib --without-included-gettext --enable-threads=posix --libdir=/usr/lib --enable-nls --enable-clocale=gnu --enable-libstdcxx-debug --enable-libstdcxx-time=yes --with-default-libstdcxx-abi=new --enable-gnu-unique-object --disable-vtable-verify --enable-plugin --enable-default-pie --with-system-zlib --with-target-system-zlib=auto --enable-objc-gc=auto --enable-multiarch --disable-werror --with-arch-32=i686 --with-abi=m64 --with-multilib-list=m32,m64,mx32 --enable-multilib --with-tune=generic --enable-offload-targets=nvptx-none=/build/gcc-9-Av3uEd/gcc-9-9.4.0/debian/tmp-nvptx/usr,hsa --without-cuda-driver --enable-checking=release --build=x86_64-linux-gnu --host=x86_64-linux-gnu --target=x86_64-linux-gnu
Thread model: posix
gcc version 9.4.0 (Ubuntu 9.4.0-1ubuntu1~20.04.1) 
configure:3293: $? = 0
configure:3282: g++ -V >&5
g++: error: unrecognized command line option '-V'
g++: fatal error: no input files
compilation terminated.
configure:3293: $? = 1
configure:3282: g++ -qversion >&5
g++: error: unrecognized command line option '-qversion'; did you mean '--version'?
g++: fatal error: no input files
compilation terminated.
configure:3293: $? = 1
configure:3313: checking whether the C++ compiler works
configure:3335: g++    conftest.cpp  >&5
configure:3339: $? = 0
configure:3387: result: yes
configure:3390: checking for C++ compiler default output file name
configure:3392: result: a.out
configure:3398: checking for suffix of executables
configure:3405: g++ -o conftest    conftest.cpp  >&5
configure:3409: $? = 0
configure:3431: result: 
configure:3453: checking whether we are cross compiling
configure:3461: g++ -o conftest    conftest.cpp  >&5
configure:3465: $? = 0
configure:3472: ./conftest
configure:3476: $? = 0
configure:3464: result: no
configure:3469: checking for suffix of object files
configure:3491: g++ -c   conftest.cpp >&5
configure:3495: $? = 0
configure:3516: result: o
configure:3520: checking whether we are using the GNU C++ compiler
configure:3539: g++ -c   conftest.cpp >&5
configure:3539: $? = 0
configure:3548: result: yes
configure:3557: checking whether g++ accepts -g
configure:3577: g++ -c -g  conftest.cpp >&5
configure:3577: $? = 0
configure:3618: result: yes
configure:3644: checking whether make supports the include directive
configure:3659: make -f confmf.GNU && cat confinc.out
make[1]: Entering directory '/home/aurelien/open_spiel/open_spiel/madp-0.4.1'
make[1]: Leaving directory '/home/aurelien/open_spiel/open_spiel/madp-0.4.1'
this is the am__doit target
configure:3662: $? = 0
configure:3681: result: yes (GNU style)
configure:3706: checking dependency style of g++
configure:3817: result: gcc3
configure:3880: checking for gcc
configure:3896: found /usr/bin/gcc
configure:3907: result: gcc
configure:4136: checking for C compiler version
configure:4145: gcc --version >&5
gcc (Ubuntu 9.4.0-1ubuntu1~20.04.1) 9.4.0
Copyright (C) 2019 Free Software Foundation, Inc.
This is free software; see the source for copying conditions.  There is NO
warranty; not even for MERCHANTABILITY or FITNESS FOR A PARTICULAR PURPOSE.

configure:4156: $? = 0
configure:4145: gcc -v >&5
Using built-in specs.
COLLECT_GCC=gcc
COLLECT_LTO_WRAPPER=/usr/lib/gcc/x86_64-linux-gnu/9/lto-wrapper
OFFLOAD_TARGET_NAMES=nvptx-none:hsa
OFFLOAD_TARGET_DEFAULT=1
Target: x86_64-linux-gnu
Configured with: ../src/configure -v --with-pkgversion='Ubuntu 9.4.0-1ubuntu1~20.04.1' --with-bugurl=file:///usr/share/doc/gcc-9/README.Bugs --enable-languages=c,ada,c++,go,brig,d,fortran,objc,obj-c++,gm2 --prefix=/usr --with-gcc-major-version-only --program-suffix=-9 --program-prefix=x86_64-linux-gnu- --enable-shared --enable-linker-build-id --libexecdir=/usr/lib --without-included-gettext --enable-threads=posix --libdir=/usr/lib --enable-nls --enable-clocale=gnu --enable-libstdcxx-debug --enable-libstdcxx-time=yes --with-default-libstdcxx-abi=new --enable-gnu-unique-object --disable-vtable-verify --enable-plugin --enable-default-pie --with-system-zlib --with-target-system-zlib=auto --enable-objc-gc=auto --enable-multiarch --disable-werror --with-arch-32=i686 --with-abi=m64 --with-multilib-list=m32,m64,mx32 --enable-multilib --with-tune=generic --enable-offload-targets=nvptx-none=/build/gcc-9-Av3uEd/gcc-9-9.4.0/debian/tmp-nvptx/usr,hsa --without-cuda-driver --enable-checking=release --build=x86_64-linux-gnu --host=x86_64-linux-gnu --target=x86_64-linux-gnu
Thread model: posix
gcc version 9.4.0 (Ubuntu 9.4.0-1ubuntu1~20.04.1) 
configure:4156: $? = 0
configure:4145: gcc -V >&5
gcc: error: unrecognized command line option '-V'
gcc: fatal error: no input files
compilation terminated.
configure:4156: $? = 1
configure:4145: gcc -qversion >&5
gcc: error: unrecognized command line option '-qversion'; did you mean '--version'?
gcc: fatal error: no input files
compilation terminated.
configure:4156: $? = 1
configure:4160: checking whether we are using the GNU C compiler
configure:4179: gcc -c   conftest.c >&5
configure:4179: $? = 0
configure:4188: result: yes
configure:4197: checking whether gcc accepts -g
configure:4217: gcc -c -g  conftest.c >&5
configure:4217: $? = 0
configure:4258: result: yes
configure:4275: checking for gcc option to accept ISO C89
configure:4338: gcc  -c -g -O2  conftest.c >&5
configure:4338: $? = 0
configure:4351: result: none needed
configure:4376: checking whether gcc understands -c and -o together
configure:4398: gcc -c conftest.c -o conftest2.o
configure:4401: $? = 0
configure:4398: gcc -c conftest.c -o conftest2.o
configure:4401: $? = 0
configure:4413: result: yes
configure:4432: checking dependency style of gcc
configure:4543: result: gcc3
configure:4563: checking how to run the C preprocessor
configure:4594: gcc -E  conftest.c
configure:4594: $? = 0
configure:4608: gcc -E  conftest.c
conftest.c:11:10: fatal error: ac_nonexistent.h: No such file or directory
   11 | #include <ac_nonexistent.h>
      |          ^~~~~~~~~~~~~~~~~~
compilation terminated.
configure:4608: $? = 1
configure: failed program was:
| /* confdefs.h */
| #define PACKAGE_NAME "MADP"
| #define PACKAGE_TARNAME "madp"
| #define PACKAGE_VERSION "0.4.1"
| #define PACKAGE_STRING "MADP 0.4.1"
| #define PACKAGE_BUGREPORT "madp-users@omni.isr.ist.utl.pt"
| #define PACKAGE_URL ""
| #define PACKAGE "madp"
| #define VERSION "0.4.1"
| /* end confdefs.h.  */
| #include <ac_nonexistent.h>
configure:4633: result: gcc -E
configure:4653: gcc -E  conftest.c
configure:4653: $? = 0
configure:4667: gcc -E  conftest.c
conftest.c:11:10: fatal error: ac_nonexistent.h: No such file or directory
   11 | #include <ac_nonexistent.h>
      |          ^~~~~~~~~~~~~~~~~~
compilation terminated.
configure:4667: $? = 1
configure: failed program was:
| /* confdefs.h */
| #define PACKAGE_NAME "MADP"
| #define PACKAGE_TARNAME "madp"
| #define PACKAGE_VERSION "0.4.1"
| #define PACKAGE_STRING "MADP 0.4.1"
| #define PACKAGE_BUGREPORT "madp-users@omni.isr.ist.utl.pt"
| #define PACKAGE_URL ""
| #define PACKAGE "madp"
| #define VERSION "0.4.1"
| /* end confdefs.h.  */
| #include <ac_nonexistent.h>
configure:4696: checking whether ln -s works
configure:4700: result: yes
configure:4707: checking whether make sets $(MAKE)
configure:4729: result: yes
configure:4812: checking build system type
configure:4826: result: x86_64-pc-linux-gnu
configure:4846: checking host system type
configure:4859: result: x86_64-pc-linux-gnu
configure:4900: checking how to print strings
configure:4927: result: printf
configure:4948: checking for a sed that does not truncate output
configure:5012: result: /usr/bin/sed
configure:5030: checking for grep that handles long lines and -e
configure:5088: result: /usr/bin/grep
configure:5093: checking for egrep
configure:5155: result: /usr/bin/grep -E
configure:5160: checking for fgrep
configure:5222: result: /usr/bin/grep -F
configure:5257: checking for ld used by gcc
configure:5324: result: /usr/bin/ld
configure:5331: checking if the linker (/usr/bin/ld) is GNU ld
configure:5346: result: yes
configure:5358: checking for BSD- or MS-compatible name lister (nm)
configure:5412: result: /usr/bin/nm -B
configure:5542: checking the name lister (/usr/bin/nm -B) interface
configure:5549: gcc -c -g -O2  conftest.c >&5
configure:5552: /usr/bin/nm -B "conftest.o"
configure:5555: output
0000000000000000 B some_variable
configure:5556: result: BSD nm
configure:5560: checking the maximum length of command line arguments
configure:5691: result: 1572864
configure:5739: checking how to convert x86_64-pc-linux-gnu file names to x86_64-pc-linux-gnu format
configure:5779: result: func_convert_file_noop
configure:5786: checking how to convert x86_64-pc-linux-gnu file names to toolchain format
configure:5806: result: func_convert_file_noop
configure:5813: checking for /usr/bin/ld option to reload object files
configure:5820: result: -r
configure:5894: checking for objdump
configure:5910: found /usr/bin/objdump
configure:5921: result: objdump
configure:5953: checking how to recognize dependent libraries
configure:6153: result: pass_all
configure:6238: checking for dlltool
configure:6268: result: no
configure:6298: checking how to associate runtime and link libraries
configure:6325: result: printf %s\n
configure:6386: checking for ar
configure:6402: found /usr/bin/ar
configure:6413: result: ar
configure:6450: checking for archiver @FILE support
configure:6467: gcc -c -g -O2  conftest.c >&5
configure:6467: $? = 0
configure:6470: ar cr libconftest.a @conftest.lst >&5
configure:6473: $? = 0
configure:6478: ar cr libconftest.a @conftest.lst >&5
ar: conftest.o: No such file or directory
configure:6481: $? = 1
configure:6480: result: @
configure:6538: checking for strip
configure:6554: found /usr/bin/strip
configure:6565: result: strip
configure:6637: checking for ranlib
configure:6653: found /usr/bin/ranlib
configure:6664: result: ranlib
configure:6766: checking command to parse /usr/bin/nm -B output from gcc object
configure:6919: gcc -c -g -O2  conftest.c >&5
configure:6922: $? = 0
configure:6926: /usr/bin/nm -B conftest.o | sed -n -e 's/^.*[	 ]\([ABCDGIRSTW][ABCDGIRSTW]*\)[	 ][	 ]*\([_A-Za-z][_A-Za-z0-9]*\)$/\1 \2 \2/p' | sed '/ __gnu_lto/d' > conftest.nm
configure:6992: gcc -o conftest -g -O2   conftest.c conftstm.o >&5
configure:6995: $? = 0
configure:7033: result: ok
configure:7080: checking for sysroot
configure:7110: result: no
configure:7117: checking for a working dd
configure:7155: result: /usr/bin/dd
configure:7159: checking how to truncate binary pipes
configure:7174: result: /usr/bin/dd bs=4096 count=1
configure:7310: gcc -c -g -O2  conftest.c >&5
configure:7313: $? = 0
configure:7503: checking for mt
configure:7519: found /usr/bin/mt
configure:7530: result: mt
configure:7553: checking if mt is a manifest tool
configure:7559: mt '-?'
configure:7567: result: no
configure:8240: checking for ANSI C header files
configure:8260: gcc -c -g -O2  conftest.c >&5
configure:8260: $? = 0
configure:8333: gcc -o conftest -g -O2   conftest.c  >&5
configure:8333: $? = 0
configure:8333: ./conftest
configure:8333: $? = 0
configure:8344: result: yes
configure:8357: checking for sys/types.h
configure:8357: gcc -c -g -O2  conftest.c >&5
configure:8357: $? = 0
configure:8357: result: yes
configure:8357: checking for sys/stat.h
configure:8357: gcc -c -g -O2  conftest.c >&5
configure:8357: $? = 0
configure:8357: result: yes
configure:8357: checking for stdlib.h
configure:8357: gcc -c -g -O2  conftest.c >&5
configure:8357: $? = 0
configure:8357: result: yes
configure:8357: checking for string.h
configure:8357: gcc -c -g -O2  conftest.c >&5
configure:8357: $? = 0
configure:8357: result: yes
configure:8357: checking for memory.h
configure:8357: gcc -c -g -O2  conftest.c >&5
configure:8357: $? = 0
configure:8357: result: yes
configure:8357: checking for strings.h
configure:8357: gcc -c -g -O2  conftest.c >&5
configure:8357: $? = 0
configure:8357: result: yes
configure:8357: checking for inttypes.h
configure:8357: gcc -c -g -O2  conftest.c >&5
configure:8357: $? = 0
configure:8357: result: yes
configure:8357: checking for stdint.h
configure:8357: gcc -c -g -O2  conftest.c >&5
configure:8357: $? = 0
configure:8357: result: yes
configure:8357: checking for unistd.h
configure:8357: gcc -c -g -O2  conftest.c >&5
configure:8357: $? = 0
configure:8357: result: yes
configure:8371: checking for dlfcn.h
configure:8371: gcc -c -g -O2  conftest.c >&5
configure:8371: $? = 0
configure:8371: result: yes
configure:8638: checking for objdir
configure:8653: result: .libs
configure:8917: checking if gcc supports -fno-rtti -fno-exceptions
configure:8935: gcc -c -g -O2  -fno-rtti -fno-exceptions conftest.c >&5
cc1: warning: command line option '-fno-rtti' is valid for C++/D/ObjC++ but not for C
configure:8939: $? = 0
configure:8952: result: no
configure:9316: checking for gcc option to produce PIC
configure:9323: result: -fPIC -DPIC
configure:9331: checking if gcc PIC flag -fPIC -DPIC works
configure:9349: gcc -c -g -O2  -fPIC -DPIC -DPIC conftest.c >&5
configure:9353: $? = 0
configure:9366: result: yes
configure:9395: checking if gcc static flag -static works
configure:9423: result: yes
configure:9438: checking if gcc supports -c -o file.o
configure:9459: gcc -c -g -O2  -o out/conftest2.o conftest.c >&5
configure:9463: $? = 0
configure:9485: result: yes
configure:9493: checking if gcc supports -c -o file.o
configure:9540: result: yes
configure:9573: checking whether the gcc linker (/usr/bin/ld -m elf_x86_64) supports shared libraries
configure:10836: result: yes
configure:10873: checking whether -lc should be explicitly linked in
configure:10881: gcc -c -g -O2  conftest.c >&5
configure:10884: $? = 0
configure:10899: gcc -shared  -fPIC -DPIC conftest.o  -v -Wl,-soname -Wl,conftest -o conftest 2\>\&1 \| /usr/bin/grep  -lc  \>/dev/null 2\>\&1
configure:10902: $? = 0
configure:10916: result: no
configure:11076: checking dynamic linker characteristics
configure:11657: gcc -o conftest -g -O2   -Wl,-rpath -Wl,/foo conftest.c  >&5
configure:11657: $? = 0
configure:11906: result: GNU/Linux ld.so
configure:12028: checking how to hardcode library paths into programs
configure:12053: result: immediate
configure:12601: checking whether stripping libraries is possible
configure:12606: result: yes
configure:12641: checking if libtool supports shared libraries
configure:12643: result: yes
configure:12646: checking whether to build shared libraries
configure:12671: result: yes
configure:12674: checking whether to build static libraries
configure:12678: result: yes
configure:9477: checking how to run the C++ preprocessor
configure:9504: g++ -E  conftest.cpp
configure:9504: $? = 0
configure:9518: g++ -E  conftest.cpp
conftest.cpp:23:10: fatal error: ac_nonexistent.h: No such file or directory
   23 | #include <ac_nonexistent.h>
      |          ^~~~~~~~~~~~~~~~~~
compilation terminated.
configure:9518: $? = 1
configure: failed program was:
| /* confdefs.h */
| #define PACKAGE_NAME "MADP"
| #define PACKAGE_TARNAME "madp"
| #define PACKAGE_VERSION "0.4.1"
| #define PACKAGE_STRING "MADP 0.4.1"
| #define PACKAGE_BUGREPORT "madp-users@omni.isr.ist.utl.pt"
| #define PACKAGE_URL ""
| #define PACKAGE "madp"
| #define VERSION "0.4.1"
| #define STDC_HEADERS 1
| #define HAVE_SYS_TYPES_H 1
| #define HAVE_SYS_STAT_H 1
| #define HAVE_STDLIB_H 1
| #define HAVE_STRING_H 1
| #define HAVE_MEMORY_H 1
| #define HAVE_STRINGS_H 1
| #define HAVE_INTTYPES_H 1
| #define HAVE_STDINT_H 1
| #define HAVE_UNISTD_H 1
| #define HAVE_DLFCN_H 1
| #define LT_OBJDIR ".libs/"
| /* end confdefs.h.  */
| #include <ac_nonexistent.h>
configure:9543: result: g++ -E
configure:9563: g++ -E  conftest.cpp
configure:9563: $? = 0
configure:9577: g++ -E  conftest.cpp
conftest.cpp:23:10: fatal error: ac_nonexistent.h: No such file or directory
   23 | #include <ac_nonexistent.h>
      |          ^~~~~~~~~~~~~~~~~~
compilation terminated.
configure:9577: $? = 1
configure: failed program was:
| /* confdefs.h */
| #define PACKAGE_NAME "MADP"
| #define PACKAGE_TARNAME "madp"
| #define PACKAGE_VERSION "0.4.1"
| #define PACKAGE_STRING "MADP 0.4.1"
| #define PACKAGE_BUGREPORT "madp-users@omni.isr.ist.utl.pt"
| #define PACKAGE_URL ""
| #define PACKAGE "madp"
| #define VERSION "0.4.1"
| #define STDC_HEADERS 1
| #define HAVE_SYS_TYPES_H 1
| #define HAVE_SYS_STAT_H 1
| #define HAVE_STDLIB_H 1
| #define HAVE_STRING_H 1
| #define HAVE_MEMORY_H 1
| #define HAVE_STRINGS_H 1
| #define HAVE_INTTYPES_H 1
| #define HAVE_STDINT_H 1
| #define HAVE_UNISTD_H 1
| #define HAVE_DLFCN_H 1
| #define LT_OBJDIR ".libs/"
| /* end confdefs.h.  */
| #include <ac_nonexistent.h>
configure:9739: checking for ld used by g++
configure:9806: result: /usr/bin/ld -m elf_x86_64
configure:9813: checking if the linker (/usr/bin/ld -m elf_x86_64) is GNU ld
configure:9828: result: yes
configure:9883: checking whether the g++ linker (/usr/bin/ld -m elf_x86_64) supports shared libraries
configure:10956: result: yes
configure:10992: g++ -c -g -O2  conftest.cpp >&5
configure:10995: $? = 0
configure:11476: checking for g++ option to produce PIC
configure:11483: result: -fPIC -DPIC
configure:11491: checking if g++ PIC flag -fPIC -DPIC works
configure:11509: g++ -c -g -O2  -fPIC -DPIC -DPIC conftest.cpp >&5
configure:11513: $? = 0
configure:11526: result: yes
configure:11549: checking if g++ static flag -static works
configure:11577: result: yes
configure:11589: checking if g++ supports -c -o file.o
configure:11610: g++ -c -g -O2  -o out/conftest2.o conftest.cpp >&5
configure:11614: $? = 0
configure:11636: result: yes
configure:11641: checking if g++ supports -c -o file.o
configure:11688: result: yes
configure:11718: checking whether the g++ linker (/usr/bin/ld -m elf_x86_64) supports shared libraries
configure:11761: result: yes
configure:11902: checking dynamic linker characteristics
configure:12659: result: GNU/Linux ld.so
configure:12724: checking how to hardcode library paths into programs
configure:12749: result: immediate
configure:11643: checking for __cxa_free_exception in -lstdc++
configure:11668: gcc -o conftest -g -O2   conftest.c -lstdc++   >&5
configure:11668: $? = 0
configure:11677: result: yes
configure:11698: checking for main in -lm
configure:11717: gcc -o conftest -g -O2   conftest.c -lm  -lstdc++  >&5
configure:11717: $? = 0
configure:11726: result: yes
configure:11738: checking lpsolve/lp_lib.h usability
configure:11738: gcc -c -g -O2  conftest.c >&5
conftest.c:58:10: fatal error: lpsolve/lp_lib.h: No such file or directory
   58 | #include <lpsolve/lp_lib.h>
      |          ^~~~~~~~~~~~~~~~~~
compilation terminated.
configure:11738: $? = 1
configure: failed program was:
| /* confdefs.h */
| #define PACKAGE_NAME "MADP"
| #define PACKAGE_TARNAME "madp"
| #define PACKAGE_VERSION "0.4.1"
| #define PACKAGE_STRING "MADP 0.4.1"
| #define PACKAGE_BUGREPORT "madp-users@omni.isr.ist.utl.pt"
| #define PACKAGE_URL ""
| #define PACKAGE "madp"
| #define VERSION "0.4.1"
| #define STDC_HEADERS 1
| #define HAVE_SYS_TYPES_H 1
| #define HAVE_SYS_STAT_H 1
| #define HAVE_STDLIB_H 1
| #define HAVE_STRING_H 1
| #define HAVE_MEMORY_H 1
| #define HAVE_STRINGS_H 1
| #define HAVE_INTTYPES_H 1
| #define HAVE_STDINT_H 1
| #define HAVE_UNISTD_H 1
| #define HAVE_DLFCN_H 1
| #define LT_OBJDIR ".libs/"
| #define HAVE_LIBSTDC__ 1
| #define HAVE_LIBM 1
| /* end confdefs.h.  */
| #include <stdio.h>
| #ifdef HAVE_SYS_TYPES_H
| # include <sys/types.h>
| #endif
| #ifdef HAVE_SYS_STAT_H
| # include <sys/stat.h>
| #endif
| #ifdef STDC_HEADERS
| # include <stdlib.h>
| # include <stddef.h>
| #else
| # ifdef HAVE_STDLIB_H
| #  include <stdlib.h>
| # endif
| #endif
| #ifdef HAVE_STRING_H
| # if !defined STDC_HEADERS && defined HAVE_MEMORY_H
| #  include <memory.h>
| # endif
| # include <string.h>
| #endif
| #ifdef HAVE_STRINGS_H
| # include <strings.h>
| #endif
| #ifdef HAVE_INTTYPES_H
| # include <inttypes.h>
| #endif
| #ifdef HAVE_STDINT_H
| # include <stdint.h>
| #endif
| #ifdef HAVE_UNISTD_H
| # include <unistd.h>
| #endif
| #include <lpsolve/lp_lib.h>
configure:11738: result: no
configure:11738: checking lpsolve/lp_lib.h presence
configure:11738: gcc -E  conftest.c
conftest.c:25:10: fatal error: lpsolve/lp_lib.h: No such file or directory
   25 | #include <lpsolve/lp_lib.h>
      |          ^~~~~~~~~~~~~~~~~~
compilation terminated.
configure:11738: $? = 1
configure: failed program was:
| /* confdefs.h */
| #define PACKAGE_NAME "MADP"
| #define PACKAGE_TARNAME "madp"
| #define PACKAGE_VERSION "0.4.1"
| #define PACKAGE_STRING "MADP 0.4.1"
| #define PACKAGE_BUGREPORT "madp-users@omni.isr.ist.utl.pt"
| #define PACKAGE_URL ""
| #define PACKAGE "madp"
| #define VERSION "0.4.1"
| #define STDC_HEADERS 1
| #define HAVE_SYS_TYPES_H 1
| #define HAVE_SYS_STAT_H 1
| #define HAVE_STDLIB_H 1
| #define HAVE_STRING_H 1
| #define HAVE_MEMORY_H 1
| #define HAVE_STRINGS_H 1
| #define HAVE_INTTYPES_H 1
| #define HAVE_STDINT_H 1
| #define HAVE_UNISTD_H 1
| #define HAVE_DLFCN_H 1
| #define LT_OBJDIR ".libs/"
| #define HAVE_LIBSTDC__ 1
| #define HAVE_LIBM 1
| /* end confdefs.h.  */
| #include <lpsolve/lp_lib.h>
configure:11738: result: no
configure:11738: checking for lpsolve/lp_lib.h
configure:11738: result: no
configure:11742: WARNING: lpsolve not installed, required for pruning POMDP value functions
configure:11747: checking for dlopen in -ldl
configure:11772: gcc -o conftest -g -O2   conftest.c -ldl  -lm -lstdc++  >&5
configure:11772: $? = 0
configure:11781: result: yes
configure:11792: checking for colamd in -lcolamd
configure:11817: gcc -o conftest -g -O2   conftest.c -lcolamd  -ldl -lm -lstdc++  >&5
/usr/bin/ld: cannot find -lcolamd
collect2: error: ld returned 1 exit status
configure:11817: $? = 1
configure: failed program was:
| /* confdefs.h */
| #define PACKAGE_NAME "MADP"
| #define PACKAGE_TARNAME "madp"
| #define PACKAGE_VERSION "0.4.1"
| #define PACKAGE_STRING "MADP 0.4.1"
| #define PACKAGE_BUGREPORT "madp-users@omni.isr.ist.utl.pt"
| #define PACKAGE_URL ""
| #define PACKAGE "madp"
| #define VERSION "0.4.1"
| #define STDC_HEADERS 1
| #define HAVE_SYS_TYPES_H 1
| #define HAVE_SYS_STAT_H 1
| #define HAVE_STDLIB_H 1
| #define HAVE_STRING_H 1
| #define HAVE_MEMORY_H 1
| #define HAVE_STRINGS_H 1
| #define HAVE_INTTYPES_H 1
| #define HAVE_STDINT_H 1
| #define HAVE_UNISTD_H 1
| #define HAVE_DLFCN_H 1
| #define LT_OBJDIR ".libs/"
| #define HAVE_LIBSTDC__ 1
| #define HAVE_LIBM 1
| #define HAVE_LIBDL 1
| /* end confdefs.h.  */
| 
| /* Override any GCC internal prototype to avoid an error.
|    Use char because int might match the return type of a GCC
|    builtin and then its argument prototype would still apply.  */
| #ifdef __cplusplus
| extern "C"
| #endif
| char colamd ();
| int
| main ()
| {
| return colamd ();
|   ;
|   return 0;
| }
configure:11826: result: no
configure:11837: checking for make_lp in -llpsolve55_pic
configure:11862: gcc -o conftest -g -O2   conftest.c -llpsolve55_pic  -ldl -lm -lstdc++  >&5
/usr/bin/ld: cannot find -llpsolve55_pic
collect2: error: ld returned 1 exit status
configure:11862: $? = 1
configure: failed program was:
| /* confdefs.h */
| #define PACKAGE_NAME "MADP"
| #define PACKAGE_TARNAME "madp"
| #define PACKAGE_VERSION "0.4.1"
| #define PACKAGE_STRING "MADP 0.4.1"
| #define PACKAGE_BUGREPORT "madp-users@omni.isr.ist.utl.pt"
| #define PACKAGE_URL ""
| #define PACKAGE "madp"
| #define VERSION "0.4.1"
| #define STDC_HEADERS 1
| #define HAVE_SYS_TYPES_H 1
| #define HAVE_SYS_STAT_H 1
| #define HAVE_STDLIB_H 1
| #define HAVE_STRING_H 1
| #define HAVE_MEMORY_H 1
| #define HAVE_STRINGS_H 1
| #define HAVE_INTTYPES_H 1
| #define HAVE_STDINT_H 1
| #define HAVE_UNISTD_H 1
| #define HAVE_DLFCN_H 1
| #define LT_OBJDIR ".libs/"
| #define HAVE_LIBSTDC__ 1
| #define HAVE_LIBM 1
| #define HAVE_LIBDL 1
| /* end confdefs.h.  */
| 
| /* Override any GCC internal prototype to avoid an error.
|    Use char because int might match the return type of a GCC
|    builtin and then its argument prototype would still apply.  */
| #ifdef __cplusplus
| extern "C"
| #endif
| char make_lp ();
| int
| main ()
| {
| return make_lp ();
|   ;
|   return 0;
| }
configure:11871: result: no
configure:11881: WARNING: lpsolve not installed, required for pruning POMDP value functions
configure:11888: checking for ANSI C header files
configure:11992: result: yes
configure:12000: checking for stdbool.h that conforms to C99
configure:12067: gcc -c -g -O2  conftest.c >&5
configure:12067: $? = 0
configure:12074: result: yes
configure:12076: checking for _Bool
configure:12076: gcc -c -g -O2  conftest.c >&5
configure:12076: $? = 0
configure:12076: gcc -c -g -O2  conftest.c >&5
conftest.c: In function 'main':
conftest.c:63:20: error: expected expression before ')' token
   63 | if (sizeof ((_Bool)))
      |                    ^
configure:12076: $? = 1
configure: failed program was:
| /* confdefs.h */
| #define PACKAGE_NAME "MADP"
| #define PACKAGE_TARNAME "madp"
| #define PACKAGE_VERSION "0.4.1"
| #define PACKAGE_STRING "MADP 0.4.1"
| #define PACKAGE_BUGREPORT "madp-users@omni.isr.ist.utl.pt"
| #define PACKAGE_URL ""
| #define PACKAGE "madp"
| #define VERSION "0.4.1"
| #define STDC_HEADERS 1
| #define HAVE_SYS_TYPES_H 1
| #define HAVE_SYS_STAT_H 1
| #define HAVE_STDLIB_H 1
| #define HAVE_STRING_H 1
| #define HAVE_MEMORY_H 1
| #define HAVE_STRINGS_H 1
| #define HAVE_INTTYPES_H 1
| #define HAVE_STDINT_H 1
| #define HAVE_UNISTD_H 1
| #define HAVE_DLFCN_H 1
| #define LT_OBJDIR ".libs/"
| #define HAVE_LIBSTDC__ 1
| #define HAVE_LIBM 1
| #define HAVE_LIBDL 1
| #define STDC_HEADERS 1
| /* end confdefs.h.  */
| #include <stdio.h>
| #ifdef HAVE_SYS_TYPES_H
| # include <sys/types.h>
| #endif
| #ifdef HAVE_SYS_STAT_H
| # include <sys/stat.h>
| #endif
| #ifdef STDC_HEADERS
| # include <stdlib.h>
| # include <stddef.h>
| #else
| # ifdef HAVE_STDLIB_H
| #  include <stdlib.h>
| # endif
| #endif
| #ifdef HAVE_STRING_H
| # if !defined STDC_HEADERS && defined HAVE_MEMORY_H
| #  include <memory.h>
| # endif
| # include <string.h>
| #endif
| #ifdef HAVE_STRINGS_H
| # include <strings.h>
| #endif
| #ifdef HAVE_INTTYPES_H
| # include <inttypes.h>
| #endif
| #ifdef HAVE_STDINT_H
| # include <stdint.h>
| #endif
| #ifdef HAVE_UNISTD_H
| # include <unistd.h>
| #endif
| int
| main ()
| {
| if (sizeof ((_Bool)))
| 	    return 0;
|   ;
|   return 0;
| }
configure:12076: result: yes
configure:12096: checking float.h usability
configure:12096: gcc -c -g -O2  conftest.c >&5
configure:12096: $? = 0
configure:12096: result: yes
configure:12096: checking float.h presence
configure:12096: gcc -E  conftest.c
configure:12096: $? = 0
configure:12096: result: yes
configure:12096: checking for float.h
configure:12096: result: yes
configure:12096: checking limits.h usability
configure:12096: gcc -c -g -O2  conftest.c >&5
configure:12096: $? = 0
configure:12096: result: yes
configure:12096: checking limits.h presence
configure:12096: gcc -E  conftest.c
configure:12096: $? = 0
configure:12096: result: yes
configure:12096: checking for limits.h
configure:12096: result: yes
configure:12096: checking for stdlib.h
configure:12096: result: yes
configure:12107: checking for an ANSI C-conforming const
configure:12173: gcc -c -g -O2  conftest.c >&5
configure:12173: $? = 0
configure:12180: result: yes
configure:12188: checking for inline
configure:12204: gcc -c -g -O2  conftest.c >&5
configure:12204: $? = 0
configure:12212: result: inline
configure:12230: checking for size_t
configure:12230: gcc -c -g -O2  conftest.c >&5
configure:12230: $? = 0
configure:12230: gcc -c -g -O2  conftest.c >&5
conftest.c: In function 'main':
conftest.c:68:21: error: expected expression before ')' token
   68 | if (sizeof ((size_t)))
      |                     ^
configure:12230: $? = 1
configure: failed program was:
| /* confdefs.h */
| #define PACKAGE_NAME "MADP"
| #define PACKAGE_TARNAME "madp"
| #define PACKAGE_VERSION "0.4.1"
| #define PACKAGE_STRING "MADP 0.4.1"
| #define PACKAGE_BUGREPORT "madp-users@omni.isr.ist.utl.pt"
| #define PACKAGE_URL ""
| #define PACKAGE "madp"
| #define VERSION "0.4.1"
| #define STDC_HEADERS 1
| #define HAVE_SYS_TYPES_H 1
| #define HAVE_SYS_STAT_H 1
| #define HAVE_STDLIB_H 1
| #define HAVE_STRING_H 1
| #define HAVE_MEMORY_H 1
| #define HAVE_STRINGS_H 1
| #define HAVE_INTTYPES_H 1
| #define HAVE_STDINT_H 1
| #define HAVE_UNISTD_H 1
| #define HAVE_DLFCN_H 1
| #define LT_OBJDIR ".libs/"
| #define HAVE_LIBSTDC__ 1
| #define HAVE_LIBM 1
| #define HAVE_LIBDL 1
| #define STDC_HEADERS 1
| #define HAVE__BOOL 1
| #define HAVE_STDBOOL_H 1
| #define HAVE_FLOAT_H 1
| #define HAVE_LIMITS_H 1
| #define HAVE_STDLIB_H 1
| /* end confdefs.h.  */
| #include <stdio.h>
| #ifdef HAVE_SYS_TYPES_H
| # include <sys/types.h>
| #endif
| #ifdef HAVE_SYS_STAT_H
| # include <sys/stat.h>
| #endif
| #ifdef STDC_HEADERS
| # include <stdlib.h>
| # include <stddef.h>
| #else
| # ifdef HAVE_STDLIB_H
| #  include <stdlib.h>
| # endif
| #endif
| #ifdef HAVE_STRING_H
| # if !defined STDC_HEADERS && defined HAVE_MEMORY_H
| #  include <memory.h>
| # endif
| # include <string.h>
| #endif
| #ifdef HAVE_STRINGS_H
| # include <strings.h>
| #endif
| #ifdef HAVE_INTTYPES_H
| # include <inttypes.h>
| #endif
| #ifdef HAVE_STDINT_H
| # include <stdint.h>
| #endif
| #ifdef HAVE_UNISTD_H
| # include <unistd.h>
| #endif
| int
| main ()
| {
| if (sizeof ((size_t)))
| 	    return 0;
|   ;
|   return 0;
| }
configure:12230: result: yes
configure:12279: checking for CPLEX
configure:12352: g++ -o conftest -g -O2    conftest.cpp  >&5
conftest.cpp:36:16: fatal error: ilcplex/cplex.h: No such file or directory
   36 |       #include <ilcplex/cplex.h>
      |                ^~~~~~~~~~~~~~~~~
compilation terminated.
configure:12352: $? = 1
configure: failed program was:
| /* confdefs.h */
| #define PACKAGE_NAME "MADP"
| #define PACKAGE_TARNAME "madp"
| #define PACKAGE_VERSION "0.4.1"
| #define PACKAGE_STRING "MADP 0.4.1"
| #define PACKAGE_BUGREPORT "madp-users@omni.isr.ist.utl.pt"
| #define PACKAGE_URL ""
| #define PACKAGE "madp"
| #define VERSION "0.4.1"
| #define STDC_HEADERS 1
| #define HAVE_SYS_TYPES_H 1
| #define HAVE_SYS_STAT_H 1
| #define HAVE_STDLIB_H 1
| #define HAVE_STRING_H 1
| #define HAVE_MEMORY_H 1
| #define HAVE_STRINGS_H 1
| #define HAVE_INTTYPES_H 1
| #define HAVE_STDINT_H 1
| #define HAVE_UNISTD_H 1
| #define HAVE_DLFCN_H 1
| #define LT_OBJDIR ".libs/"
| #define HAVE_LIBSTDC__ 1
| #define HAVE_LIBM 1
| #define HAVE_LIBDL 1
| #define STDC_HEADERS 1
| #define HAVE__BOOL 1
| #define HAVE_STDBOOL_H 1
| #define HAVE_FLOAT_H 1
| #define HAVE_LIMITS_H 1
| #define HAVE_STDLIB_H 1
| /* end confdefs.h.  */
| 
| 
|       //C version:
|       extern "C" {
|       #include <ilcplex/cplex.h>
|       }
| 
|       //C++ version
|       #include <iostream>
|       #define IL_STD                //<- tell CPLEX to use STL
|       #include <ilcplex/ilocplex.h> //<- fao: this is what we use
|       ILOSTLBEGIN
| 
|       int main(int argc, char** argv)
|       {
|         //C version:
|         CPXENVptr env = NULL;
| 
|         //C++ version
|         //fao: some stuff we use in our code
|         IloEnv env2;
|         IloModel lpModel (env2);
| 
|         return 0;
|       }
configure:12381: result: no
configure:12383: WARNING: CPLEX not found, will not be able to use certain functionality!
configure:12424: checking nvcc in /usr/local/cuda/bin
configure:12435: result: not found!
configure:12437: WARNING: nvcc was not found in /usr/local/cuda/bin
configure:12476: checking for cuda.h
configure:12476: gcc -c -g -O2 -I/usr/local/cuda/include  conftest.c >&5
conftest.c:32:10: fatal error: cuda.h: No such file or directory
   32 | #include <cuda.h>
      |          ^~~~~~~~
compilation terminated.
configure:12476: $? = 1
configure: failed program was:
| /* confdefs.h */
| #define PACKAGE_NAME "MADP"
| #define PACKAGE_TARNAME "madp"
| #define PACKAGE_VERSION "0.4.1"
| #define PACKAGE_STRING "MADP 0.4.1"
| #define PACKAGE_BUGREPORT "madp-users@omni.isr.ist.utl.pt"
| #define PACKAGE_URL ""
| #define PACKAGE "madp"
| #define VERSION "0.4.1"
| #define STDC_HEADERS 1
| #define HAVE_SYS_TYPES_H 1
| #define HAVE_SYS_STAT_H 1
| #define HAVE_STDLIB_H 1
| #define HAVE_STRING_H 1
| #define HAVE_MEMORY_H 1
| #define HAVE_STRINGS_H 1
| #define HAVE_INTTYPES_H 1
| #define HAVE_STDINT_H 1
| #define HAVE_UNISTD_H 1
| #define HAVE_DLFCN_H 1
| #define LT_OBJDIR ".libs/"
| #define HAVE_LIBSTDC__ 1
| #define HAVE_LIBM 1
| #define HAVE_LIBDL 1
| #define STDC_HEADERS 1
| #define HAVE__BOOL 1
| #define HAVE_STDBOOL_H 1
| #define HAVE_FLOAT_H 1
| #define HAVE_LIMITS_H 1
| #define HAVE_STDLIB_H 1
| /* end confdefs.h.  */
| #include <cuda.h>
| 
| 
| #include <cuda.h>
configure:12476: result: no
configure:12494: WARNING: Couldn't find cuda.h. Install from https://developer.nvidia.com/cuda-downloads
configure:12499: checking for cusolverDn.h
configure:12499: gcc -c -g -O2 -I/usr/local/cuda/include  conftest.c >&5
conftest.c:32:10: fatal error: cusolverDn.h: No such file or directory
   32 | #include <cusolverDn.h>
      |          ^~~~~~~~~~~~~~
compilation terminated.
configure:12499: $? = 1
configure: failed program was:
| /* confdefs.h */
| #define PACKAGE_NAME "MADP"
| #define PACKAGE_TARNAME "madp"
| #define PACKAGE_VERSION "0.4.1"
| #define PACKAGE_STRING "MADP 0.4.1"
| #define PACKAGE_BUGREPORT "madp-users@omni.isr.ist.utl.pt"
| #define PACKAGE_URL ""
| #define PACKAGE "madp"
| #define VERSION "0.4.1"
| #define STDC_HEADERS 1
| #define HAVE_SYS_TYPES_H 1
| #define HAVE_SYS_STAT_H 1
| #define HAVE_STDLIB_H 1
| #define HAVE_STRING_H 1
| #define HAVE_MEMORY_H 1
| #define HAVE_STRINGS_H 1
| #define HAVE_INTTYPES_H 1
| #define HAVE_STDINT_H 1
| #define HAVE_UNISTD_H 1
| #define HAVE_DLFCN_H 1
| #define LT_OBJDIR ".libs/"
| #define HAVE_LIBSTDC__ 1
| #define HAVE_LIBM 1
| #define HAVE_LIBDL 1
| #define STDC_HEADERS 1
| #define HAVE__BOOL 1
| #define HAVE_STDBOOL_H 1
| #define HAVE_FLOAT_H 1
| #define HAVE_LIMITS_H 1
| #define HAVE_STDLIB_H 1
| /* end confdefs.h.  */
| #include <cusolverDn.h>
| 
| 
| #include <cusolverDn.h>
configure:12499: result: no
configure:12517: WARNING: Couldn't find cusolverDn.h. Install package: cuda-cusolver-dev
configure:12522: checking for cuInit in -lcuda
configure:12547: gcc -o conftest -g -O2 -I/usr/local/cuda/include  -L/usr/local/cuda/lib64  conftest.c -lcuda  -ldl -lm -lstdc++  >&5
configure:12547: $? = 0
configure:12556: result: yes
configure:12559: WARNING: In case of problems set LD_LIBRARY_PATH so libcuda.so is found
configure:12574: checking for error_at_line
configure:12590: gcc -o conftest -g -O2   conftest.c -ldl -lm -lstdc++  >&5
configure:12590: $? = 0
configure:12598: result: yes
configure:12612: checking for pow
configure:12612: gcc -o conftest -g -O2   conftest.c -ldl -lm -lstdc++  >&5
conftest.c:55:6: warning: conflicting types for built-in function 'pow'; expected 'double(double,  double)' [-Wbuiltin-declaration-mismatch]
   55 | char pow ();
      |      ^~~
conftest.c:43:1: note: 'pow' is declared in header '<math.h>'
   42 | # include <limits.h>
   43 | #else
configure:12612: $? = 0
configure:12612: result: yes
configure:12612: checking for strtoull
configure:12612: gcc -o conftest -g -O2   conftest.c -ldl -lm -lstdc++  >&5
configure:12612: $? = 0
configure:12612: result: yes
configure:12756: checking for gcc
configure:12783: result: gcc
configure:13012: checking for C compiler version
configure:13021: gcc --version >&5
gcc (Ubuntu 9.4.0-1ubuntu1~20.04.1) 9.4.0
Copyright (C) 2019 Free Software Foundation, Inc.
This is free software; see the source for copying conditions.  There is NO
warranty; not even for MERCHANTABILITY or FITNESS FOR A PARTICULAR PURPOSE.

configure:13032: $? = 0
configure:13021: gcc -v >&5
Using built-in specs.
COLLECT_GCC=gcc
COLLECT_LTO_WRAPPER=/usr/lib/gcc/x86_64-linux-gnu/9/lto-wrapper
OFFLOAD_TARGET_NAMES=nvptx-none:hsa
OFFLOAD_TARGET_DEFAULT=1
Target: x86_64-linux-gnu
Configured with: ../src/configure -v --with-pkgversion='Ubuntu 9.4.0-1ubuntu1~20.04.1' --with-bugurl=file:///usr/share/doc/gcc-9/README.Bugs --enable-languages=c,ada,c++,go,brig,d,fortran,objc,obj-c++,gm2 --prefix=/usr --with-gcc-major-version-only --program-suffix=-9 --program-prefix=x86_64-linux-gnu- --enable-shared --enable-linker-build-id --libexecdir=/usr/lib --without-included-gettext --enable-threads=posix --libdir=/usr/lib --enable-nls --enable-clocale=gnu --enable-libstdcxx-debug --enable-libstdcxx-time=yes --with-default-libstdcxx-abi=new --enable-gnu-unique-object --disable-vtable-verify --enable-plugin --enable-default-pie --with-system-zlib --with-target-system-zlib=auto --enable-objc-gc=auto --enable-multiarch --disable-werror --with-arch-32=i686 --with-abi=m64 --with-multilib-list=m32,m64,mx32 --enable-multilib --with-tune=generic --enable-offload-targets=nvptx-none=/build/gcc-9-Av3uEd/gcc-9-9.4.0/debian/tmp-nvptx/usr,hsa --without-cuda-driver --enable-checking=release --build=x86_64-linux-gnu --host=x86_64-linux-gnu --target=x86_64-linux-gnu
Thread model: posix
gcc version 9.4.0 (Ubuntu 9.4.0-1ubuntu1~20.04.1) 
configure:13032: $? = 0
configure:13021: gcc -V >&5
gcc: error: unrecognized command line option '-V'
gcc: fatal error: no input files
compilation terminated.
configure:13032: $? = 1
configure:13021: gcc -qversion >&5
gcc: error: unrecognized command line option '-qversion'; did you mean '--version'?
gcc: fatal error: no input files
compilation terminated.
configure:13032: $? = 1
configure:13036: checking whether we are using the GNU C compiler
configure:13064: result: yes
configure:13073: checking whether gcc accepts -g
configure:13134: result: yes
configure:13151: checking for gcc option to accept ISO C89
configure:13227: result: none needed
configure:13252: checking whether gcc understands -c and -o together
configure:13289: result: yes
configure:13308: checking dependency style of gcc
configure:13419: result: gcc3
configure:13442: checking for main in -lm
configure:13470: result: yes
configure:13483: checking for ANSI C header files
configure:13587: result: yes
configure:13598: checking for float.h
configure:13598: result: yes
configure:13598: checking for limits.h
configure:13598: result: yes
configure:13598: checking stddef.h usability
configure:13598: gcc -c -g -O2  conftest.c >&5
configure:13598: $? = 0
configure:13598: result: yes
configure:13598: checking stddef.h presence
configure:13598: gcc -E  conftest.c
configure:13598: $? = 0
configure:13598: result: yes
configure:13598: checking for stddef.h
configure:13598: result: yes
configure:13598: checking for stdlib.h
configure:13598: result: yes
configure:13598: checking for string.h
configure:13598: result: yes
configure:13598: checking sys/time.h usability
configure:13598: gcc -c -g -O2  conftest.c >&5
configure:13598: $? = 0
configure:13598: result: yes
configure:13598: checking sys/time.h presence
configure:13598: gcc -E  conftest.c
configure:13598: $? = 0
configure:13598: result: yes
configure:13598: checking for sys/time.h
configure:13598: result: yes
configure:13598: checking for unistd.h
configure:13598: result: yes
configure:13610: checking for an ANSI C-conforming const
configure:13683: result: yes
configure:13691: checking for size_t
configure:13691: result: yes
configure:13702: checking whether time.h and sys/time.h may both be included
configure:13722: gcc -c -g -O2  conftest.c >&5
configure:13722: $? = 0
configure:13729: result: yes
configure:13739: checking for error_at_line
configure:13763: result: yes
configure:13776: checking for stdlib.h
configure:13776: result: yes
configure:13786: checking for GNU libc compatible malloc
configure:13810: gcc -o conftest -g -O2   conftest.c -lm -ldl -lm -lstdc++  >&5
configure:13810: $? = 0
configure:13810: ./conftest
configure:13810: $? = 0
configure:13820: result: yes
configure:13843: checking for stdlib.h
configure:13843: result: yes
configure:13853: checking for GNU libc compatible realloc
configure:13877: gcc -o conftest -g -O2   conftest.c -lm -ldl -lm -lstdc++  >&5
configure:13877: $? = 0
configure:13877: ./conftest
configure:13877: $? = 0
configure:13887: result: yes
configure:13908: checking return type of signal handlers
configure:13926: gcc -c -g -O2  conftest.c >&5
conftest.c: In function 'main':
conftest.c:54:10: error: void value not ignored as it ought to be
   54 | return *(signal (0, 0)) (0) == 1;
      |         ~^~~~~~~~~~~~~~~~~~
configure:13926: $? = 1
configure: failed program was:
| /* confdefs.h */
| #define PACKAGE_NAME "MADP"
| #define PACKAGE_TARNAME "madp"
| #define PACKAGE_VERSION "0.4.1"
| #define PACKAGE_STRING "MADP 0.4.1"
| #define PACKAGE_BUGREPORT "madp-users@omni.isr.ist.utl.pt"
| #define PACKAGE_URL ""
| #define PACKAGE "madp"
| #define VERSION "0.4.1"
| #define STDC_HEADERS 1
| #define HAVE_SYS_TYPES_H 1
| #define HAVE_SYS_STAT_H 1
| #define HAVE_STDLIB_H 1
| #define HAVE_STRING_H 1
| #define HAVE_MEMORY_H 1
| #define HAVE_STRINGS_H 1
| #define HAVE_INTTYPES_H 1
| #define HAVE_STDINT_H 1
| #define HAVE_UNISTD_H 1
| #define HAVE_DLFCN_H 1
| #define LT_OBJDIR ".libs/"
| #define HAVE_LIBSTDC__ 1
| #define HAVE_LIBM 1
| #define HAVE_LIBDL 1
| #define STDC_HEADERS 1
| #define HAVE__BOOL 1
| #define HAVE_STDBOOL_H 1
| #define HAVE_FLOAT_H 1
| #define HAVE_LIMITS_H 1
| #define HAVE_STDLIB_H 1
| #define HAVE_POW 1
| #define HAVE_STRTOULL 1
| #define HAVE_LIBM 1
| #define STDC_HEADERS 1
| #define HAVE_FLOAT_H 1
| #define HAVE_LIMITS_H 1
| #define HAVE_STDDEF_H 1
| #define HAVE_STDLIB_H 1
| #define HAVE_STRING_H 1
| #define HAVE_SYS_TIME_H 1
| #define HAVE_UNISTD_H 1
| #define TIME_WITH_SYS_TIME 1
| #define HAVE_STDLIB_H 1
| #define HAVE_MALLOC 1
| #define HAVE_STDLIB_H 1
| #define HAVE_REALLOC 1
| /* end confdefs.h.  */
| #include <sys/types.h>
| #include <signal.h>
| 
| int
| main ()
| {
| return *(signal (0, 0)) (0) == 1;
|   ;
|   return 0;
| }
configure:13933: result: void
configure:13941: checking for working strtod
configure:13982: gcc -o conftest -g -O2   conftest.c -lm -ldl -lm -lstdc++  >&5
configure:13982: $? = 0
configure:13982: ./conftest
configure:13982: $? = 0
configure:13992: result: yes
configure:14056: checking for vprintf
configure:14056: gcc -o conftest -g -O2   conftest.c -lm -ldl -lm -lstdc++  >&5
conftest.c:72:6: warning: conflicting types for built-in function 'vprintf'; expected 'int(const char *, __va_list_tag *)' [-Wbuiltin-declaration-mismatch]
   72 | char vprintf ();
      |      ^~~~~~~
conftest.c:60:1: note: 'vprintf' is declared in header '<stdio.h>'
   59 | # include <limits.h>
   60 | #else
configure:14056: $? = 0
configure:14056: result: yes
configure:14062: checking for _doprnt
configure:14062: gcc -o conftest -g -O2   conftest.c -lm -ldl -lm -lstdc++  >&5
/usr/bin/ld: /tmp/ccL3dSPX.o: in function `main':
/home/aurelien/open_spiel/open_spiel/madp-0.4.1/conftest.c:84: undefined reference to `_doprnt'
collect2: error: ld returned 1 exit status
configure:14062: $? = 1
configure: failed program was:
| /* confdefs.h */
| #define PACKAGE_NAME "MADP"
| #define PACKAGE_TARNAME "madp"
| #define PACKAGE_VERSION "0.4.1"
| #define PACKAGE_STRING "MADP 0.4.1"
| #define PACKAGE_BUGREPORT "madp-users@omni.isr.ist.utl.pt"
| #define PACKAGE_URL ""
| #define PACKAGE "madp"
| #define VERSION "0.4.1"
| #define STDC_HEADERS 1
| #define HAVE_SYS_TYPES_H 1
| #define HAVE_SYS_STAT_H 1
| #define HAVE_STDLIB_H 1
| #define HAVE_STRING_H 1
| #define HAVE_MEMORY_H 1
| #define HAVE_STRINGS_H 1
| #define HAVE_INTTYPES_H 1
| #define HAVE_STDINT_H 1
| #define HAVE_UNISTD_H 1
| #define HAVE_DLFCN_H 1
| #define LT_OBJDIR ".libs/"
| #define HAVE_LIBSTDC__ 1
| #define HAVE_LIBM 1
| #define HAVE_LIBDL 1
| #define STDC_HEADERS 1
| #define HAVE__BOOL 1
| #define HAVE_STDBOOL_H 1
| #define HAVE_FLOAT_H 1
| #define HAVE_LIMITS_H 1
| #define HAVE_STDLIB_H 1
| #define HAVE_POW 1
| #define HAVE_STRTOULL 1
| #define HAVE_LIBM 1
| #define STDC_HEADERS 1
| #define HAVE_FLOAT_H 1
| #define HAVE_LIMITS_H 1
| #define HAVE_STDDEF_H 1
| #define HAVE_STDLIB_H 1
| #define HAVE_STRING_H 1
| #define HAVE_SYS_TIME_H 1
| #define HAVE_UNISTD_H 1
| #define TIME_WITH_SYS_TIME 1
| #define HAVE_STDLIB_H 1
| #define HAVE_MALLOC 1
| #define HAVE_STDLIB_H 1
| #define HAVE_REALLOC 1
| #define RETSIGTYPE void
| #define HAVE_VPRINTF 1
| /* end confdefs.h.  */
| /* Define _doprnt to an innocuous variant, in case <limits.h> declares _doprnt.
|    For example, HP-UX 11i <limits.h> declares gettimeofday.  */
| #define _doprnt innocuous__doprnt
| 
| /* System header to define __stub macros and hopefully few prototypes,
|     which can conflict with char _doprnt (); below.
|     Prefer <limits.h> to <assert.h> if __STDC__ is defined, since
|     <limits.h> exists even on freestanding compilers.  */
| 
| #ifdef __STDC__
| # include <limits.h>
| #else
| # include <assert.h>
| #endif
| 
| #undef _doprnt
| 
| /* Override any GCC internal prototype to avoid an error.
|    Use char because int might match the return type of a GCC
|    builtin and then its argument prototype would still apply.  */
| #ifdef __cplusplus
| extern "C"
| #endif
| char _doprnt ();
| /* The GNU C library defines this for functions which it implements
|     to always fail with ENOSYS.  Some functions are actually named
|     something starting with __ and the normal name is an alias.  */
| #if defined __stub__doprnt || defined __stub____doprnt
| choke me
| #endif
| 
| int
| main ()
| {
| return _doprnt ();
|   ;
|   return 0;
| }
configure:14062: result: no
configure:14076: checking for bzero
configure:14076: gcc -o conftest -g -O2   conftest.c -lm -ldl -lm -lstdc++  >&5
conftest.c:73:6: warning: conflicting types for built-in function 'bzero'; expected 'void(void *, long unsigned int)' [-Wbuiltin-declaration-mismatch]
   73 | char bzero ();
      |      ^~~~~
configure:14076: $? = 0
configure:14076: result: yes
configure:14076: checking for floor
configure:14076: gcc -o conftest -g -O2   conftest.c -lm -ldl -lm -lstdc++  >&5
conftest.c:74:6: warning: conflicting types for built-in function 'floor'; expected 'double(double)' [-Wbuiltin-declaration-mismatch]
   74 | char floor ();
      |      ^~~~~
conftest.c:62:1: note: 'floor' is declared in header '<math.h>'
   61 | # include <limits.h>
   62 | #else
configure:14076: $? = 0
configure:14076: result: yes
configure:14076: checking for gettimeofday
configure:14076: gcc -o conftest -g -O2   conftest.c -lm -ldl -lm -lstdc++  >&5
configure:14076: $? = 0
configure:14076: result: yes
configure:14076: checking for memset
configure:14076: gcc -o conftest -g -O2   conftest.c -lm -ldl -lm -lstdc++  >&5
conftest.c:76:6: warning: conflicting types for built-in function 'memset'; expected 'void *(void *, int,  long unsigned int)' [-Wbuiltin-declaration-mismatch]
   76 | char memset ();
      |      ^~~~~~
conftest.c:64:1: note: 'memset' is declared in header '<string.h>'
   63 | # include <limits.h>
   64 | #else
configure:14076: $? = 0
configure:14076: result: yes
configure:14076: checking for pow
configure:14076: result: yes
configure:14076: checking for sqrt
configure:14076: gcc -o conftest -g -O2   conftest.c -lm -ldl -lm -lstdc++  >&5
conftest.c:78:6: warning: conflicting types for built-in function 'sqrt'; expected 'double(double)' [-Wbuiltin-declaration-mismatch]
   78 | char sqrt ();
      |      ^~~~
conftest.c:66:1: note: 'sqrt' is declared in header '<math.h>'
   65 | # include <limits.h>
   66 | #else
configure:14076: $? = 0
configure:14076: result: yes
configure:14076: checking for strstr
configure:14076: gcc -o conftest -g -O2   conftest.c -lm -ldl -lm -lstdc++  >&5
conftest.c:79:6: warning: conflicting types for built-in function 'strstr'; expected 'char *(const char *, const char *)' [-Wbuiltin-declaration-mismatch]
   79 | char strstr ();
      |      ^~~~~~
conftest.c:67:1: note: 'strstr' is declared in header '<string.h>'
   66 | # include <limits.h>
   67 | #else
configure:14076: $? = 0
configure:14076: result: yes
configure:14110: checking for library containing argp_parse
configure:14141: gcc -o conftest -g -O2   conftest.c -lm -ldl -lm -lstdc++  >&5
configure:14141: $? = 0
configure:14158: result: none required
configure:14172: checking for xmlInitParser in -lxml2
configure:14197: gcc -o conftest -g -O2   conftest.c -lxml2  -lm -ldl -lm -lstdc++  >&5
/usr/bin/ld: cannot find -lxml2
collect2: error: ld returned 1 exit status
configure:14197: $? = 1
configure: failed program was:
| /* confdefs.h */
| #define PACKAGE_NAME "MADP"
| #define PACKAGE_TARNAME "madp"
| #define PACKAGE_VERSION "0.4.1"
| #define PACKAGE_STRING "MADP 0.4.1"
| #define PACKAGE_BUGREPORT "madp-users@omni.isr.ist.utl.pt"
| #define PACKAGE_URL ""
| #define PACKAGE "madp"
| #define VERSION "0.4.1"
| #define STDC_HEADERS 1
| #define HAVE_SYS_TYPES_H 1
| #define HAVE_SYS_STAT_H 1
| #define HAVE_STDLIB_H 1
| #define HAVE_STRING_H 1
| #define HAVE_MEMORY_H 1
| #define HAVE_STRINGS_H 1
| #define HAVE_INTTYPES_H 1
| #define HAVE_STDINT_H 1
| #define HAVE_UNISTD_H 1
| #define HAVE_DLFCN_H 1
| #define LT_OBJDIR ".libs/"
| #define HAVE_LIBSTDC__ 1
| #define HAVE_LIBM 1
| #define HAVE_LIBDL 1
| #define STDC_HEADERS 1
| #define HAVE__BOOL 1
| #define HAVE_STDBOOL_H 1
| #define HAVE_FLOAT_H 1
| #define HAVE_LIMITS_H 1
| #define HAVE_STDLIB_H 1
| #define HAVE_POW 1
| #define HAVE_STRTOULL 1
| #define HAVE_LIBM 1
| #define STDC_HEADERS 1
| #define HAVE_FLOAT_H 1
| #define HAVE_LIMITS_H 1
| #define HAVE_STDDEF_H 1
| #define HAVE_STDLIB_H 1
| #define HAVE_STRING_H 1
| #define HAVE_SYS_TIME_H 1
| #define HAVE_UNISTD_H 1
| #define TIME_WITH_SYS_TIME 1
| #define HAVE_STDLIB_H 1
| #define HAVE_MALLOC 1
| #define HAVE_STDLIB_H 1
| #define HAVE_REALLOC 1
| #define RETSIGTYPE void
| #define HAVE_VPRINTF 1
| #define HAVE_BZERO 1
| #define HAVE_FLOOR 1
| #define HAVE_GETTIMEOFDAY 1
| #define HAVE_MEMSET 1
| #define HAVE_POW 1
| #define HAVE_SQRT 1
| #define HAVE_STRSTR 1
| /* end confdefs.h.  */
| 
| /* Override any GCC internal prototype to avoid an error.
|    Use char because int might match the return type of a GCC
|    builtin and then its argument prototype would still apply.  */
| #ifdef __cplusplus
| extern "C"
| #endif
| char xmlInitParser ();
| int
| main ()
| {
| return xmlInitParser ();
|   ;
|   return 0;
| }
configure:14206: result: no
configure:14217: checking libxml2/libxml/xmlexports.h usability
configure:14217: gcc -c -g -O2  conftest.c >&5
conftest.c:90:10: fatal error: libxml2/libxml/xmlexports.h: No such file or directory
   90 | #include <libxml2/libxml/xmlexports.h>
      |          ^~~~~~~~~~~~~~~~~~~~~~~~~~~~~
compilation terminated.
configure:14217: $? = 1
configure: failed program was:
| /* confdefs.h */
| #define PACKAGE_NAME "MADP"
| #define PACKAGE_TARNAME "madp"
| #define PACKAGE_VERSION "0.4.1"
| #define PACKAGE_STRING "MADP 0.4.1"
| #define PACKAGE_BUGREPORT "madp-users@omni.isr.ist.utl.pt"
| #define PACKAGE_URL ""
| #define PACKAGE "madp"
| #define VERSION "0.4.1"
| #define STDC_HEADERS 1
| #define HAVE_SYS_TYPES_H 1
| #define HAVE_SYS_STAT_H 1
| #define HAVE_STDLIB_H 1
| #define HAVE_STRING_H 1
| #define HAVE_MEMORY_H 1
| #define HAVE_STRINGS_H 1
| #define HAVE_INTTYPES_H 1
| #define HAVE_STDINT_H 1
| #define HAVE_UNISTD_H 1
| #define HAVE_DLFCN_H 1
| #define LT_OBJDIR ".libs/"
| #define HAVE_LIBSTDC__ 1
| #define HAVE_LIBM 1
| #define HAVE_LIBDL 1
| #define STDC_HEADERS 1
| #define HAVE__BOOL 1
| #define HAVE_STDBOOL_H 1
| #define HAVE_FLOAT_H 1
| #define HAVE_LIMITS_H 1
| #define HAVE_STDLIB_H 1
| #define HAVE_POW 1
| #define HAVE_STRTOULL 1
| #define HAVE_LIBM 1
| #define STDC_HEADERS 1
| #define HAVE_FLOAT_H 1
| #define HAVE_LIMITS_H 1
| #define HAVE_STDDEF_H 1
| #define HAVE_STDLIB_H 1
| #define HAVE_STRING_H 1
| #define HAVE_SYS_TIME_H 1
| #define HAVE_UNISTD_H 1
| #define TIME_WITH_SYS_TIME 1
| #define HAVE_STDLIB_H 1
| #define HAVE_MALLOC 1
| #define HAVE_STDLIB_H 1
| #define HAVE_REALLOC 1
| #define RETSIGTYPE void
| #define HAVE_VPRINTF 1
| #define HAVE_BZERO 1
| #define HAVE_FLOOR 1
| #define HAVE_GETTIMEOFDAY 1
| #define HAVE_MEMSET 1
| #define HAVE_POW 1
| #define HAVE_SQRT 1
| #define HAVE_STRSTR 1
| /* end confdefs.h.  */
| #include <stdio.h>
| #ifdef HAVE_SYS_TYPES_H
| # include <sys/types.h>
| #endif
| #ifdef HAVE_SYS_STAT_H
| # include <sys/stat.h>
| #endif
| #ifdef STDC_HEADERS
| # include <stdlib.h>
| # include <stddef.h>
| #else
| # ifdef HAVE_STDLIB_H
| #  include <stdlib.h>
| # endif
| #endif
| #ifdef HAVE_STRING_H
| # if !defined STDC_HEADERS && defined HAVE_MEMORY_H
| #  include <memory.h>
| # endif
| # include <string.h>
| #endif
| #ifdef HAVE_STRINGS_H
| # include <strings.h>
| #endif
| #ifdef HAVE_INTTYPES_H
| # include <inttypes.h>
| #endif
| #ifdef HAVE_STDINT_H
| # include <stdint.h>
| #endif
| #ifdef HAVE_UNISTD_H
| # include <unistd.h>
| #endif
| #include <libxml2/libxml/xmlexports.h>
configure:14217: result: no
configure:14217: checking libxml2/libxml/xmlexports.h presence
configure:14217: gcc -E  conftest.c
conftest.c:57:10: fatal error: libxml2/libxml/xmlexports.h: No such file or directory
   57 | #include <libxml2/libxml/xmlexports.h>
      |          ^~~~~~~~~~~~~~~~~~~~~~~~~~~~~
compilation terminated.
configure:14217: $? = 1
configure: failed program was:
| /* confdefs.h */
| #define PACKAGE_NAME "MADP"
| #define PACKAGE_TARNAME "madp"
| #define PACKAGE_VERSION "0.4.1"
| #define PACKAGE_STRING "MADP 0.4.1"
| #define PACKAGE_BUGREPORT "madp-users@omni.isr.ist.utl.pt"
| #define PACKAGE_URL ""
| #define PACKAGE "madp"
| #define VERSION "0.4.1"
| #define STDC_HEADERS 1
| #define HAVE_SYS_TYPES_H 1
| #define HAVE_SYS_STAT_H 1
| #define HAVE_STDLIB_H 1
| #define HAVE_STRING_H 1
| #define HAVE_MEMORY_H 1
| #define HAVE_STRINGS_H 1
| #define HAVE_INTTYPES_H 1
| #define HAVE_STDINT_H 1
| #define HAVE_UNISTD_H 1
| #define HAVE_DLFCN_H 1
| #define LT_OBJDIR ".libs/"
| #define HAVE_LIBSTDC__ 1
| #define HAVE_LIBM 1
| #define HAVE_LIBDL 1
| #define STDC_HEADERS 1
| #define HAVE__BOOL 1
| #define HAVE_STDBOOL_H 1
| #define HAVE_FLOAT_H 1
| #define HAVE_LIMITS_H 1
| #define HAVE_STDLIB_H 1
| #define HAVE_POW 1
| #define HAVE_STRTOULL 1
| #define HAVE_LIBM 1
| #define STDC_HEADERS 1
| #define HAVE_FLOAT_H 1
| #define HAVE_LIMITS_H 1
| #define HAVE_STDDEF_H 1
| #define HAVE_STDLIB_H 1
| #define HAVE_STRING_H 1
| #define HAVE_SYS_TIME_H 1
| #define HAVE_UNISTD_H 1
| #define TIME_WITH_SYS_TIME 1
| #define HAVE_STDLIB_H 1
| #define HAVE_MALLOC 1
| #define HAVE_STDLIB_H 1
| #define HAVE_REALLOC 1
| #define RETSIGTYPE void
| #define HAVE_VPRINTF 1
| #define HAVE_BZERO 1
| #define HAVE_FLOOR 1
| #define HAVE_GETTIMEOFDAY 1
| #define HAVE_MEMSET 1
| #define HAVE_POW 1
| #define HAVE_SQRT 1
| #define HAVE_STRSTR 1
| /* end confdefs.h.  */
| #include <libxml2/libxml/xmlexports.h>
configure:14217: result: no
configure:14217: checking for libxml2/libxml/xmlexports.h
configure:14217: result: no
configure:14339: checking that generated files are newer than configure
configure:14345: result: done
configure:14428: creating ./config.status

## ---------------- ##
## Cache variables. ##
## ---------------- ##

ac_cv_build=x86_64-pc-linux-gnu
ac_cv_c_compiler_gnu=yes
ac_cv_c_const=yes
ac_cv_c_inline=inline
ac_cv_cxx_compiler_gnu=yes
ac_cv_env_CCC_set=
ac_cv_env_CCC_value=
ac_cv_env_CC_set=
ac_cv_env_CC_value=
ac_cv_env_CFLAGS_set=
ac_cv_env_CFLAGS_value=
ac_cv_env_CPPFLAGS_set=
ac_cv_env_CPPFLAGS_value=
ac_cv_env_CPP_set=
ac_cv_env_CPP_value=
ac_cv_env_CXXCPP_set=
ac_cv_env_CXXCPP_value=
ac_cv_env_CXXFLAGS_set=
ac_cv_env_CXXFLAGS_value=
ac_cv_env_CXX_set=
ac_cv_env_CXX_value=
ac_cv_env_LDFLAGS_set=
ac_cv_env_LDFLAGS_value=
ac_cv_env_LIBS_set=
ac_cv_env_LIBS_value=
ac_cv_env_LT_SYS_LIBRARY_PATH_set=
ac_cv_env_LT_SYS_LIBRARY_PATH_value=
ac_cv_env_build_alias_set=
ac_cv_env_build_alias_value=
ac_cv_env_host_alias_set=
ac_cv_env_host_alias_value=
ac_cv_env_target_alias_set=
ac_cv_env_target_alias_value=
ac_cv_func__doprnt=no
ac_cv_func_bzero=yes
ac_cv_func_floor=yes
ac_cv_func_gettimeofday=yes
ac_cv_func_malloc_0_nonnull=yes
ac_cv_func_memset=yes
ac_cv_func_pow=yes
ac_cv_func_realloc_0_nonnull=yes
ac_cv_func_sqrt=yes
ac_cv_func_strstr=yes
ac_cv_func_strtod=yes
ac_cv_func_strtoull=yes
ac_cv_func_vprintf=yes
ac_cv_header_cuda_h=no
ac_cv_header_cusolverDn_h=no
ac_cv_header_dlfcn_h=yes
ac_cv_header_float_h=yes
ac_cv_header_inttypes_h=yes
ac_cv_header_libxml2_libxml_xmlexports_h=no
ac_cv_header_limits_h=yes
ac_cv_header_lpsolve_lp_lib_h=no
ac_cv_header_memory_h=yes
ac_cv_header_stdbool_h=yes
ac_cv_header_stdc=yes
ac_cv_header_stddef_h=yes
ac_cv_header_stdint_h=yes
ac_cv_header_stdlib_h=yes
ac_cv_header_string_h=yes
ac_cv_header_strings_h=yes
ac_cv_header_sys_stat_h=yes
ac_cv_header_sys_time_h=yes
ac_cv_header_sys_types_h=yes
ac_cv_header_time=yes
ac_cv_header_unistd_h=yes
ac_cv_host=x86_64-pc-linux-gnu
ac_cv_lib_colamd_colamd=no
ac_cv_lib_cuda_cuInit=yes
ac_cv_lib_dl_dlopen=yes
ac_cv_lib_error_at_line=yes
ac_cv_lib_lpsolve55_pic_make_lp=no
ac_cv_lib_m_main=yes
ac_cv_lib_stdcpp___cxa_free_exception=yes
ac_cv_lib_xml2_xmlInitParser=no
ac_cv_objext=o
ac_cv_path_EGREP='/usr/bin/grep -E'
ac_cv_path_FGREP='/usr/bin/grep -F'
ac_cv_path_GREP=/usr/bin/grep
ac_cv_path_SED=/usr/bin/sed
ac_cv_path_install='/usr/bin/install -c'
ac_cv_path_lt_DD=/usr/bin/dd
ac_cv_path_mkdir=/usr/bin/mkdir
ac_cv_prog_AWK=mawk
ac_cv_prog_CPP='gcc -E'
ac_cv_prog_CXXCPP='g++ -E'
ac_cv_prog_ac_ct_AR=ar
ac_cv_prog_ac_ct_CC=gcc
ac_cv_prog_ac_ct_CXX=g++
ac_cv_prog_ac_ct_MANIFEST_TOOL=mt
ac_cv_prog_ac_ct_OBJDUMP=objdump
ac_cv_prog_ac_ct_RANLIB=ranlib
ac_cv_prog_ac_ct_STRIP=strip
ac_cv_prog_cc_c89=
ac_cv_prog_cc_g=yes
ac_cv_prog_cxx_g=yes
ac_cv_prog_make_make_set=yes
ac_cv_search_argp_parse='none required'
ac_cv_type__Bool=yes
ac_cv_type_signal=void
ac_cv_type_size_t=yes
am_cv_CC_dependencies_compiler_type=gcc3
am_cv_CXX_dependencies_compiler_type=gcc3
am_cv_make_support_nested_variables=yes
am_cv_prog_cc_c_o=yes
am_cv_prog_tar_pax=gnutar
lt_cv_ar_at_file=@
lt_cv_archive_cmds_need_lc=no
lt_cv_deplibs_check_method=pass_all
lt_cv_file_magic_cmd='$MAGIC_CMD'
lt_cv_file_magic_test_file=
lt_cv_ld_reload_flag=-r
lt_cv_nm_interface='BSD nm'
lt_cv_objdir=.libs
lt_cv_path_LD=/usr/bin/ld
lt_cv_path_LDCXX='/usr/bin/ld -m elf_x86_64'
lt_cv_path_NM='/usr/bin/nm -B'
lt_cv_path_mainfest_tool=no
lt_cv_prog_compiler_c_o=yes
lt_cv_prog_compiler_c_o_CXX=yes
lt_cv_prog_compiler_pic='-fPIC -DPIC'
lt_cv_prog_compiler_pic_CXX='-fPIC -DPIC'
lt_cv_prog_compiler_pic_works=yes
lt_cv_prog_compiler_pic_works_CXX=yes
lt_cv_prog_compiler_rtti_exceptions=no
lt_cv_prog_compiler_static_works=yes
lt_cv_prog_compiler_static_works_CXX=yes
lt_cv_prog_gnu_ld=yes
lt_cv_prog_gnu_ldcxx=yes
lt_cv_sharedlib_from_linklib_cmd='printf %s\n'
lt_cv_shlibpath_overrides_runpath=yes
lt_cv_sys_global_symbol_pipe='sed -n -e '\''s/^.*[	 ]\([ABCDGIRSTW][ABCDGIRSTW]*\)[	 ][	 ]*\([_A-Za-z][_A-Za-z0-9]*\)$/\1 \2 \2/p'\'' | sed '\''/ __gnu_lto/d'\'''
lt_cv_sys_global_symbol_to_c_name_address='sed -n -e '\''s/^: \(.*\) .*$/  {"\1", (void *) 0},/p'\'' -e '\''s/^[ABCDGIRSTW][ABCDGIRSTW]* .* \(.*\)$/  {"\1", (void *) \&\1},/p'\'''
lt_cv_sys_global_symbol_to_c_name_address_lib_prefix='sed -n -e '\''s/^: \(.*\) .*$/  {"\1", (void *) 0},/p'\'' -e '\''s/^[ABCDGIRSTW][ABCDGIRSTW]* .* \(lib.*\)$/  {"\1", (void *) \&\1},/p'\'' -e '\''s/^[ABCDGIRSTW][ABCDGIRSTW]* .* \(.*\)$/  {"lib\1", (void *) \&\1},/p'\'''
lt_cv_sys_global_symbol_to_cdecl='sed -n -e '\''s/^T .* \(.*\)$/extern int \1();/p'\'' -e '\''s/^[ABCDGIRSTW][ABCDGIRSTW]* .* \(.*\)$/extern char \1;/p'\'''
lt_cv_sys_global_symbol_to_import=
lt_cv_sys_max_cmd_len=1572864
lt_cv_to_host_file_cmd=func_convert_file_noop
lt_cv_to_tool_file_cmd=func_convert_file_noop
lt_cv_truncate_bin='/usr/bin/dd bs=4096 count=1'

## ----------------- ##
## Output variables. ##
## ----------------- ##

ACLOCAL='${SHELL} /home/aurelien/open_spiel/open_spiel/madp-0.4.1/missing aclocal-1.16'
AMDEPBACKSLASH='\'
AMDEP_FALSE='#'
AMDEP_TRUE=''
AMTAR='$${TAR-tar}'
AM_BACKSLASH='\'
AM_DEFAULT_V='$(AM_DEFAULT_VERBOSITY)'
AM_DEFAULT_VERBOSITY='1'
AM_V='$(V)'
AR='ar'
AUTOCONF='${SHELL} /home/aurelien/open_spiel/open_spiel/madp-0.4.1/missing autoconf'
AUTOHEADER='${SHELL} /home/aurelien/open_spiel/open_spiel/madp-0.4.1/missing autoheader'
AUTOMAKE='${SHELL} /home/aurelien/open_spiel/open_spiel/madp-0.4.1/missing automake-1.16'
AWK='mawk'
CC='gcc'
CCDEPMODE='depmode=gcc3'
CFLAGS='-g -O2'
CPLEX_INCLUDES=''
CPLEX_LDFLAGS=''
CPLEX_LIBS=''
CPP='gcc -E'
CPPFLAGS=''
CSTANDARD='-std=c++98'
CSTD11='-std=c++11'
CSTD='-std=c++98'
CSTDGNU11='-std=gnu++11'
CSTDGNU='-std=gnu++03'
CUDA_CPPFLAGS='-I/usr/local/cuda/include'
CUDA_LDFLAGS='-L/usr/local/cuda/lib64'
CXX='g++'
CXXCPP='g++ -E'
CXXDEPMODE='depmode=gcc3'
CXXFLAGS='-g -O2'
CYGPATH_W='echo'
DARWIN_FALSE=''
DARWIN_TRUE='#'
DEBUG_FALSE='#'
DEBUG_TRUE=''
DEFS='-DHAVE_CONFIG_H'
DEPDIR='.deps'
DLLTOOL='false'
DMALLOC_FALSE=''
DMALLOC_TRUE='#'
DSYMUTIL=''
DUMPBIN=''
ECHO_C=''
ECHO_N='-n'
ECHO_T=''
EGREP='/usr/bin/grep -E'
EXEEXT=''
FGREP='/usr/bin/grep -F'
FOUND_LIBXML2_FALSE=''
FOUND_LIBXML2_TRUE='#'
GREP='/usr/bin/grep'
HAVE_CPLEX_FALSE=''
HAVE_CPLEX_TRUE='#'
HAVE_CUDA_CUSOLVERDN_H_FALSE=''
HAVE_CUDA_CUSOLVERDN_H_TRUE='#'
HAVE_CUDA_H_FALSE=''
HAVE_CUDA_H_TRUE='#'
INSTALL_DATA='${INSTALL} -m 644'
INSTALL_PROGRAM='${INSTALL}'
INSTALL_SCRIPT='${INSTALL}'
INSTALL_STRIP_PROGRAM='$(install_sh) -c -s'
LD='/usr/bin/ld -m elf_x86_64'
LDFLAGS=''
LIBOBJS=''
LIBS='-lm -ldl -lm -lstdc++ '
LIBTOOL='$(SHELL) $(top_builddir)/libtool'
LIPO=''
LN_S='ln -s'
LTLIBOBJS=''
LT_SYS_LIBRARY_PATH=''
MAKEINFO='${SHELL} /home/aurelien/open_spiel/open_spiel/madp-0.4.1/missing makeinfo'
MANIFEST_TOOL=':'
MKDIR_P='/usr/bin/mkdir -p'
NM='/usr/bin/nm -B'
NMEDIT=''
OBJDUMP='objdump'
OBJEXT='o'
OTOOL64=''
OTOOL=''
PACKAGE='madp'
PACKAGE_BUGREPORT='madp-users@omni.isr.ist.utl.pt'
PACKAGE_NAME='MADP'
PACKAGE_STRING='MADP 0.4.1'
PACKAGE_TARNAME='madp'
PACKAGE_URL=''
PACKAGE_VERSION='0.4.1'
PATH_SEPARATOR=':'
POW_LIB=''
PROFILE_FALSE=''
PROFILE_TRUE='#'
RANLIB='ranlib'
SED='/usr/bin/sed'
SET_MAKE=''
SHELL='/bin/bash'
STRIP='strip'
VERSION='0.4.1'
ac_ct_AR='ar'
ac_ct_CC='gcc'
ac_ct_CXX='g++'
ac_ct_DUMPBIN=''
am__EXEEXT_FALSE=''
am__EXEEXT_TRUE='#'
am__fastdepCC_FALSE='#'
am__fastdepCC_TRUE=''
am__fastdepCXX_FALSE='#'
am__fastdepCXX_TRUE=''
am__include='include'
am__isrc=''
am__leading_dot='.'
am__nodep='_no'
am__quote=''
am__tar='tar --format=posix -chf - "$$tardir"'
am__untar='tar -xf -'
bindir='${exec_prefix}/bin'
build='x86_64-pc-linux-gnu'
build_alias=''
build_cpu='x86_64'
build_os='linux-gnu'
build_vendor='pc'
datadir='${datarootdir}'
datarootdir='${prefix}/share'
docdir='${datarootdir}/doc/${PACKAGE_TARNAME}'
dvidir='${docdir}'
exec_prefix='${prefix}'
host='x86_64-pc-linux-gnu'
host_alias=''
host_cpu='x86_64'
host_os='linux-gnu'
host_vendor='pc'
htmldir='${docdir}'
includedir='${prefix}/include'
infodir='${datarootdir}/info'
install_sh='${SHELL} /home/aurelien/open_spiel/open_spiel/madp-0.4.1/install-sh'
libdir='${exec_prefix}/lib'
libexecdir='${exec_prefix}/libexec'
localedir='${datarootdir}/locale'
localstatedir='${prefix}/var'
mandir='${datarootdir}/man'
mkdir_p='$(MKDIR_P)'
oldincludedir='/usr/include'
pdfdir='${docdir}'
prefix='/usr/local'
program_transform_name='s,x,x,'
psdir='${docdir}'
runstatedir='${localstatedir}/run'
sbindir='${exec_prefix}/sbin'
sharedstatedir='${prefix}/com'
sysconfdir='${prefix}/etc'
target_alias=''

## ----------- ##
## confdefs.h. ##
## ----------- ##

/* confdefs.h */
#define PACKAGE_NAME "MADP"
#define PACKAGE_TARNAME "madp"
#define PACKAGE_VERSION "0.4.1"
#define PACKAGE_STRING "MADP 0.4.1"
#define PACKAGE_BUGREPORT "madp-users@omni.isr.ist.utl.pt"
#define PACKAGE_URL ""
#define PACKAGE "madp"
#define VERSION "0.4.1"
#define STDC_HEADERS 1
#define HAVE_SYS_TYPES_H 1
#define HAVE_SYS_STAT_H 1
#define HAVE_STDLIB_H 1
#define HAVE_STRING_H 1
#define HAVE_MEMORY_H 1
#define HAVE_STRINGS_H 1
#define HAVE_INTTYPES_H 1
#define HAVE_STDINT_H 1
#define HAVE_UNISTD_H 1
#define HAVE_DLFCN_H 1
#define LT_OBJDIR ".libs/"
#define HAVE_LIBSTDC__ 1
#define HAVE_LIBM 1
#define HAVE_LIBDL 1
#define STDC_HEADERS 1
#define HAVE__BOOL 1
#define HAVE_STDBOOL_H 1
#define HAVE_FLOAT_H 1
#define HAVE_LIMITS_H 1
#define HAVE_STDLIB_H 1
#define HAVE_POW 1
#define HAVE_STRTOULL 1
#define HAVE_LIBM 1
#define STDC_HEADERS 1
#define HAVE_FLOAT_H 1
#define HAVE_LIMITS_H 1
#define HAVE_STDDEF_H 1
#define HAVE_STDLIB_H 1
#define HAVE_STRING_H 1
#define HAVE_SYS_TIME_H 1
#define HAVE_UNISTD_H 1
#define TIME_WITH_SYS_TIME 1
#define HAVE_STDLIB_H 1
#define HAVE_MALLOC 1
#define HAVE_STDLIB_H 1
#define HAVE_REALLOC 1
#define RETSIGTYPE void
#define HAVE_VPRINTF 1
#define HAVE_BZERO 1
#define HAVE_FLOOR 1
#define HAVE_GETTIMEOFDAY 1
#define HAVE_MEMSET 1
#define HAVE_POW 1
#define HAVE_SQRT 1
#define HAVE_STRSTR 1

configure: exit 0

## ---------------------- ##
## Running config.status. ##
## ---------------------- ##

This file was extended by MADP config.status 0.4.1, which was
generated by GNU Autoconf 2.69.  Invocation command line was

  CONFIG_FILES    = 
  CONFIG_HEADERS  = 
  CONFIG_LINKS    = 
  CONFIG_COMMANDS = 
  $ ./config.status 

on alix-Precision-3561

config.status:1215: creating Makefile
config.status:1215: creating src/Makefile
config.status:1215: creating src/parser/Makefile
config.status:1215: creating src/base/Makefile
config.status:1215: creating src/support/Makefile
config.status:1215: creating src/planning/Makefile
config.status:1215: creating src/madp/Makefile
config.status:1215: creating src/utils/Makefile
config.status:1215: creating src/examples/Makefile
config.status:1215: creating src/libDAI/Makefile
config.status:1215: creating src/solvers/Makefile
config.status:1215: creating src/tests/Makefile
config.status:1215: creating config.h
config.status:1444: executing depfiles commands
config.status:1521: cd src/parser       && sed -e '/# am--include-marker/d' Makefile         | make -f - am--depfiles
make[1]: Entering directory '/home/aurelien/open_spiel/open_spiel/madp-0.4.1/src/parser'
make[1]: Nothing to be done for 'am--depfiles'.
make[1]: Leaving directory '/home/aurelien/open_spiel/open_spiel/madp-0.4.1/src/parser'
config.status:1526: $? = 0
config.status:1521: cd src/base       && sed -e '/# am--include-marker/d' Makefile         | make -f - am--depfiles
make[1]: Entering directory '/home/aurelien/open_spiel/open_spiel/madp-0.4.1/src/base'
make[1]: Nothing to be done for 'am--depfiles'.
make[1]: Leaving directory '/home/aurelien/open_spiel/open_spiel/madp-0.4.1/src/base'
config.status:1526: $? = 0
config.status:1521: cd src/support       && sed -e '/# am--include-marker/d' Makefile         | make -f - am--depfiles
make[1]: Entering directory '/home/aurelien/open_spiel/open_spiel/madp-0.4.1/src/support'
make[1]: Nothing to be done for 'am--depfiles'.
make[1]: Leaving directory '/home/aurelien/open_spiel/open_spiel/madp-0.4.1/src/support'
config.status:1526: $? = 0
config.status:1521: cd src/planning       && sed -e '/# am--include-marker/d' Makefile         | make -f - am--depfiles
make[1]: Entering directory '/home/aurelien/open_spiel/open_spiel/madp-0.4.1/src/planning'
make[1]: Nothing to be done for 'am--depfiles'.
make[1]: Leaving directory '/home/aurelien/open_spiel/open_spiel/madp-0.4.1/src/planning'
config.status:1526: $? = 0
config.status:1521: cd src/utils       && sed -e '/# am--include-marker/d' Makefile         | make -f - am--depfiles
make[1]: Entering directory '/home/aurelien/open_spiel/open_spiel/madp-0.4.1/src/utils'
make[1]: Nothing to be done for 'am--depfiles'.
make[1]: Leaving directory '/home/aurelien/open_spiel/open_spiel/madp-0.4.1/src/utils'
config.status:1526: $? = 0
config.status:1521: cd src/examples       && sed -e '/# am--include-marker/d' Makefile         | make -f - am--depfiles
make[1]: Entering directory '/home/aurelien/open_spiel/open_spiel/madp-0.4.1/src/examples'
make[1]: Nothing to be done for 'am--depfiles'.
make[1]: Leaving directory '/home/aurelien/open_spiel/open_spiel/madp-0.4.1/src/examples'
config.status:1526: $? = 0
config.status:1521: cd src/libDAI       && sed -e '/# am--include-marker/d' Makefile         | make -f - am--depfiles
make[1]: Entering directory '/home/aurelien/open_spiel/open_spiel/madp-0.4.1/src/libDAI'
make[1]: Nothing to be done for 'am--depfiles'.
make[1]: Leaving directory '/home/aurelien/open_spiel/open_spiel/madp-0.4.1/src/libDAI'
config.status:1526: $? = 0
config.status:1521: cd src/solvers       && sed -e '/# am--include-marker/d' Makefile         | make -f - am--depfiles
make[1]: Entering directory '/home/aurelien/open_spiel/open_spiel/madp-0.4.1/src/solvers'
make[1]: Nothing to be done for 'am--depfiles'.
make[1]: Leaving directory '/home/aurelien/open_spiel/open_spiel/madp-0.4.1/src/solvers'
config.status:1526: $? = 0
config.status:1521: cd src/tests       && sed -e '/# am--include-marker/d' Makefile         | make -f - am--depfiles
make[1]: Entering directory '/home/aurelien/open_spiel/open_spiel/madp-0.4.1/src/tests'
make[1]: Nothing to be done for 'am--depfiles'.
make[1]: Leaving directory '/home/aurelien/open_spiel/open_spiel/madp-0.4.1/src/tests'
config.status:1526: $? = 0
config.status:1444: executing libtool commands
